#
# There is insufficient memory for the Java Runtime Environment to continue.
# Native memory allocation (malloc) failed to allocate 1048576 bytes for AllocateHeap
# Possible reasons:
#   The system is out of physical RAM or swap space
#   The process is running with CompressedOops enabled, and the Java Heap may be blocking the growth of the native heap
# Possible solutions:
#   Reduce memory load on the system
#   Increase physical memory or swap space
#   Check if swap backing store is full
#   Decrease Java heap size (-Xmx/-Xms)
#   Decrease number of Java threads
#   Decrease Java thread stack sizes (-Xss)
#   Set larger code cache with -XX:ReservedCodeCacheSize=
#   JVM is running with Unscaled Compressed Oops mode in which the Java heap is
#     placed in the first 4GB address space. The Java Heap base address is the
#     maximum limit for the native heap growth. Please use -XX:HeapBaseMinAddress
#     to set the Java Heap base and to place the Java Heap above 4GB virtual address.
# This output file may be truncated or incomplete.
#
#  Out of Memory Error (memory/allocation.inline.hpp:61), pid=8320, tid=0x000000000000209c
#
# JRE version:  (8.0_211-b12) (build )
# Java VM: Java HotSpot(TM) 64-Bit Server VM (25.211-b12 mixed mode windows-amd64 compressed oops)
# Failed to write core dump. Minidumps are not enabled by default on client versions of Windows
#

---------------  T H R E A D  ---------------

Current thread (0x000000000222e800):  JavaThread "Unknown thread" [_thread_in_vm, id=8348, stack(0x0000000001f60000,0x0000000002060000)]

Stack: [0x0000000001f60000,0x0000000002060000]
[error occurred during error reporting (printing stack bounds), id 0xc0000005]

Native frames: (J=compiled Java code, j=interpreted, Vv=VM code, C=native code)


---------------  P R O C E S S  ---------------

Java Threads: ( => current thread )

Other Threads:

=>0x000000000222e800 (exited) JavaThread "Unknown thread" [_thread_in_vm, id=8348, stack(0x0000000001f60000,0x0000000002060000)]

VM state:not at safepoint (normal execution)

VM Mutex/Monitor currently owned by a thread: None

heap address: 0x0000000081800000, size: 2024 MB, Compressed Oops mode: 32-bit
Narrow klass base: 0x0000000000000000, Narrow klass shift: 3
Compressed class space size: 1073741824 Address: 0x0000000100000000

Heap:
 PSYoungGen      total 38400K, used 665K [0x00000000d5d80000, 0x00000000d8800000, 0x0000000100000000)
  eden space 33280K, 2% used [0x00000000d5d80000,0x00000000d5e26670,0x00000000d7e00000)
  from space 5120K, 0% used [0x00000000d8300000,0x00000000d8300000,0x00000000d8800000)
  to   space 5120K, 0% used [0x00000000d7e00000,0x00000000d7e00000,0x00000000d8300000)
 ParOldGen       total 87552K, used 0K [0x0000000081800000, 0x0000000086d80000, 0x00000000d5d80000)
  object space 87552K, 0% used [0x0000000081800000,0x0000000081800000,0x0000000086d80000)
 Metaspace       used 751K, capacity 4480K, committed 4480K, reserved 1056768K
  class space    used 76K, capacity 384K, committed 384K, reserved 1048576K

Card table byte_map: [0x00000000115f0000,0x00000000119f0000] byte_map_base: 0x00000000111e4000

Marking Bits: (ParMarkBitMap*) 0x0000000076585ce0
 Begin Bits: [0x00000000122a0000, 0x0000000014240000)
 End Bits:   [0x0000000014240000, 0x00000000161e0000)

Polling page: 0x00000000007e0000

CodeCache: size=245760Kb used=327Kb max_used=327Kb free=245432Kb
 bounds [0x0000000002230000, 0x00000000024a0000, 0x0000000011230000]
 total_blobs=57 nmethods=0 adapters=38
 compilation: enabled

Compilation events (0 events):
No events

GC Heap History (0 events):
No events

Deoptimization events (0 events):
No events

Classes redefined (0 events):
No events

Internal exceptions (0 events):
No events

Events (10 events):
Event: 0.069 loading class java/lang/Short
Event: 0.069 loading class java/lang/Short done
Event: 0.069 loading class java/lang/Integer
Event: 0.069 loading class java/lang/Integer done
Event: 0.069 loading class java/lang/Long
Event: 0.069 loading class java/lang/Long done
Event: 0.070 loading class java/lang/NullPointerException
Event: 0.070 loading class java/lang/NullPointerException done
Event: 0.070 loading class java/lang/ArithmeticException
Event: 0.070 loading class java/lang/ArithmeticException done


Dynamic libraries:
0x00007ff7cc130000 - 0x00007ff7cc167000 	C:\Program Files\Java\jre1.8.0_211\bin\javaw.exe
0x00007ff8338d0000 - 0x00007ff833a7d000 	C:\Windows\SYSTEM32\ntdll.dll
0x00007ff831010000 - 0x00007ff83114e000 	C:\Windows\system32\KERNEL32.DLL
0x00007ff830b70000 - 0x00007ff830c85000 	C:\Windows\system32\KERNELBASE.dll
0x00007ff82f5b0000 - 0x00007ff82f63e000 	C:\Windows\system32\apphelp.dll
0x00007ff82d2f0000 - 0x00007ff82d343000 	C:\Windows\AppPatch\AppPatch64\AcGenral.DLL
0x00007ff831310000 - 0x00007ff8313ba000 	C:\Windows\system32\msvcrt.dll
0x00007ff830d40000 - 0x00007ff830d6e000 	C:\Windows\system32\SspiCli.dll
0x00007ff8313c0000 - 0x00007ff831414000 	C:\Windows\system32\SHLWAPI.dll
0x00007ff833750000 - 0x00007ff8338c7000 	C:\Windows\system32\USER32.dll
0x00007ff831a40000 - 0x00007ff831bd4000 	C:\Windows\system32\ole32.dll
0x00007ff831c50000 - 0x00007ff833179000 	C:\Windows\system32\SHELL32.dll
0x00007ff82ffb0000 - 0x00007ff82ffd1000 	C:\Windows\SYSTEM32\USERENV.dll
0x00007ff830f50000 - 0x00007ff830ffa000 	C:\Windows\system32\ADVAPI32.dll
0x00007ff82bb10000 - 0x00007ff82bb2e000 	C:\Windows\SYSTEM32\MPR.dll
0x00007ff8331d0000 - 0x00007ff833310000 	C:\Windows\system32\RPCRT4.dll
0x00007ff8336f0000 - 0x00007ff833749000 	C:\Windows\SYSTEM32\sechost.dll
0x00007ff833330000 - 0x00007ff833542000 	C:\Windows\SYSTEM32\combase.dll
0x00007ff831480000 - 0x00007ff8315cb000 	C:\Windows\system32\GDI32.dll
0x00007ff8309f0000 - 0x00007ff830a05000 	C:\Windows\SYSTEM32\profapi.dll
0x00007ff82ef80000 - 0x00007ff82f032000 	C:\Windows\SYSTEM32\SHCORE.dll
0x00007ff833180000 - 0x00007ff8331b6000 	C:\Windows\system32\IMM32.DLL
0x00007ff8318e0000 - 0x00007ff831a32000 	C:\Windows\system32\MSCTF.dll
0x00007ff82e1a0000 - 0x00007ff82e41b000 	C:\Windows\WinSxS\amd64_microsoft.windows.common-controls_6595b64144ccf1df_6.0.9600.18006_none_623f33d3ecbe86e8\COMCTL32.dll
0x0000000075c80000 - 0x0000000075d52000 	C:\Program Files\Java\jre1.8.0_211\bin\msvcr100.dll
0x0000000075d60000 - 0x0000000076605000 	C:\Program Files\Java\jre1.8.0_211\bin\server\jvm.dll
0x00007ff82e6d0000 - 0x00007ff82e6d9000 	C:\Windows\SYSTEM32\WSOCK32.dll
0x00007ff82ebd0000 - 0x00007ff82ebf2000 	C:\Windows\SYSTEM32\WINMM.dll
0x00007ff82e450000 - 0x00007ff82e45a000 	C:\Windows\SYSTEM32\VERSION.dll
0x00007ff8318d0000 - 0x00007ff8318d7000 	C:\Windows\system32\PSAPI.DLL
0x00007ff831420000 - 0x00007ff83147a000 	C:\Windows\system32\WS2_32.dll
0x00007ff82eba0000 - 0x00007ff82ebca000 	C:\Windows\SYSTEM32\WINMMBASE.dll
0x00007ff831000000 - 0x00007ff831009000 	C:\Windows\system32\NSI.dll
0x00007ff830cf0000 - 0x00007ff830d3f000 	C:\Windows\SYSTEM32\cfgmgr32.dll
0x00007ff82f820000 - 0x00007ff82f848000 	C:\Windows\SYSTEM32\DEVOBJ.dll
0x00007ff82e6c0000 - 0x00007ff82e6cf000 	C:\Program Files\Java\jre1.8.0_211\bin\verify.dll
0x00007ff82db90000 - 0x00007ff82dbb9000 	C:\Program Files\Java\jre1.8.0_211\bin\java.dll
0x00007ff82db70000 - 0x00007ff82db86000 	C:\Program Files\Java\jre1.8.0_211\bin\zip.dll

VM Arguments:
jvm_args: -Dfile.encoding=Cp1251 
java_command: MWRecognizer
java_class_path (initial): C:\Program Files\Java\jre1.8.0_211\lib\resources.jar;C:\Program Files\Java\jre1.8.0_211\lib\rt.jar;C:\Program Files\Java\jre1.8.0_211\lib\jsse.jar;C:\Program Files\Java\jre1.8.0_211\lib\jce.jar;C:\Program Files\Java\jre1.8.0_211\lib\charsets.jar;C:\Program Files\Java\jre1.8.0_211\lib\jfr.jar;C:\Program Files\Java\jre1.8.0_211\lib\ext\access-bridge-64.jar;C:\Program Files\Java\jre1.8.0_211\lib\ext\cldrdata.jar;C:\Program Files\Java\jre1.8.0_211\lib\ext\dnsns.jar;C:\Program Files\Java\jre1.8.0_211\lib\ext\jaccess.jar;C:\Program Files\Java\jre1.8.0_211\lib\ext\jfxrt.jar;C:\Program Files\Java\jre1.8.0_211\lib\ext\localedata.jar;C:\Program Files\Java\jre1.8.0_211\lib\ext\nashorn.jar;C:\Program Files\Java\jre1.8.0_211\lib\ext\sunec.jar;C:\Program Files\Java\jre1.8.0_211\lib\ext\sunjce_provider.jar;C:\Program Files\Java\jre1.8.0_211\lib\ext\sunmscapi.jar;C:\Program Files\Java\jre1.8.0_211\lib\ext\sunpkcs11.jar;C:\Program Files\Java\jre1.8.0_211\lib\ext\zipfs.jar;E:\Eclipse\Recognizer\bin
Launcher Type: SUN_STANDARD

Environment Variables:
PATH=C:/Program Files/Java/jre1.8.0_211/bin/server;C:/Program Files/Java/jre1.8.0_211/bin;C:/Program Files/Java/jre1.8.0_211/lib/amd64;C:\Program Files (x86)\Common Files\Oracle\Java\javapath;C:\Program Files (x86)\Python26\;C:\ProgramData\Oracle\Java\javapath;C:\Program Files (x86)\NVIDIA Corporation\PhysX\Common;C:\Windows\system32;C:\Windows;C:\Windows\System32\Wbem;C:\Windows\System32\WindowsPowerShell\v1.0\;C:\Program Files (x86)\ATI Technologies\ATI.ACE\Core-Static;C:\Program Files\Microsoft\Web Platform Installer\;C:\Program Files (x86)\Microsoft ASP.NET\ASP.NET Web Pages\v1.0\;C:\Program Files (x86)\Windows Kits\8.0\Windows Performance Toolkit\;C:\Program Files\Microsoft SQL Server\110\Tools\Binn\;E:\runtime\win64;E:\bin;E:\polyspace\bin;C:\Go\bin;C:\Program Files\Git\cmd;C:\Users\User\go\bin;C:\Users\User\AppData\Local\GitHubDesktop\bin;C:\Users\User\go\bin;C:\Users\User\Desktop;
USERNAME=User
OS=Windows_NT
PROCESSOR_IDENTIFIER=AMD64 Family 21 Model 2 Stepping 0, AuthenticAMD



---------------  S Y S T E M  ---------------

OS: Windows 8.1 , 64 bit Build 9600 (6.3.9600.17415)

CPU:total 6 (initial active 6) (6 cores per cpu, 1 threads per core) family 21 model 2 stepping 0, cmov, cx8, fxsr, mmx, sse, sse2, sse3, ssse3, sse4.1, sse4.2, popcnt, avx, aes, clmul, mmxext, 3dnowpref, lzcnt, sse4a, tsc, tscinvbit, tscinv, bmi1

Memory: 4k page, physical 8287088k(3787764k free), swap 11432816k(5408k free)

vm_info: Java HotSpot(TM) 64-Bit Server VM (25.211-b12) for windows-amd64 JRE (1.8.0_211-b12), built on Apr  1 2019 20:53:26 by "java_re" with MS VC++ 10.0 (VS2010)

time: Fri Sep 20 23:38:25 2019
timezone: Саратов (зима)
elapsed time: 0 seconds (0d 0h 0m 0s)

